This file contains any messages produced by compilers while
running configure, to aid debugging if configure makes a mistake.

It was created by xf86-input-synaptics configure 1.4.1, which was
generated by GNU Autoconf 2.67.  Invocation command line was

  $ ./configure 

## --------- ##
## Platform. ##
## --------- ##

hostname = debmed
uname -m = x86_64
uname -r = 2.6.39.2-mn
uname -s = Linux
uname -v = #2 SMP Thu Jul 7 10:36:33 PDT 2011

/usr/bin/uname -p = unknown
/bin/uname -X     = unknown

/bin/arch              = unknown
/usr/bin/arch -k       = unknown
/usr/convex/getsysinfo = unknown
/usr/bin/hostinfo      = unknown
/bin/machine           = unknown
/usr/bin/oslevel       = unknown
/bin/universe          = unknown

PATH: /home/mordy/bin
PATH: /usr/local/bin
PATH: /usr/bin
PATH: /bin
PATH: /usr/games
PATH: /usr/local/games
PATH: /usr/local/games
PATH: /home/mordy/bin
PATH: /home/mordy/bin


## ----------- ##
## Core tests. ##
## ----------- ##

configure:2408: checking for a BSD-compatible install
configure:2476: result: /usr/bin/install -c
configure:2487: checking whether build environment is sane
configure:2537: result: yes
configure:2678: checking for a thread-safe mkdir -p
configure:2717: result: /bin/mkdir -p
configure:2730: checking for gawk
configure:2746: found /usr/bin/gawk
configure:2757: result: gawk
configure:2768: checking whether make sets $(MAKE)
configure:2790: result: yes
configure:2871: checking whether to enable maintainer-specific portions of Makefiles
configure:2880: result: no
configure:2955: checking build system type
configure:2969: result: x86_64-unknown-linux-gnu
configure:2989: checking host system type
configure:3002: result: x86_64-unknown-linux-gnu
configure:3034: checking for style of include used by make
configure:3062: result: GNU
configure:3132: checking for gcc
configure:3148: found /usr/bin/gcc
configure:3159: result: gcc
configure:3388: checking for C compiler version
configure:3397: gcc --version >&5
gcc (Debian 4.4.5-8) 4.4.5
Copyright (C) 2010 Free Software Foundation, Inc.
This is free software; see the source for copying conditions.  There is NO
warranty; not even for MERCHANTABILITY or FITNESS FOR A PARTICULAR PURPOSE.

configure:3408: $? = 0
configure:3397: gcc -v >&5
Using built-in specs.
Target: x86_64-linux-gnu
Configured with: ../src/configure -v --with-pkgversion='Debian 4.4.5-8' --with-bugurl=file:///usr/share/doc/gcc-4.4/README.Bugs --enable-languages=c,c++,fortran,objc,obj-c++ --prefix=/usr --program-suffix=-4.4 --enable-shared --enable-multiarch --enable-linker-build-id --with-system-zlib --libexecdir=/usr/lib --without-included-gettext --enable-threads=posix --with-gxx-include-dir=/usr/include/c++/4.4 --libdir=/usr/lib --enable-nls --enable-clocale=gnu --enable-libstdcxx-debug --enable-objc-gc --with-arch-32=i586 --with-tune=generic --enable-checking=release --build=x86_64-linux-gnu --host=x86_64-linux-gnu --target=x86_64-linux-gnu
Thread model: posix
gcc version 4.4.5 (Debian 4.4.5-8) 
configure:3408: $? = 0
configure:3397: gcc -V >&5
gcc: '-V' option must have argument
configure:3408: $? = 1
configure:3397: gcc -qversion >&5
gcc: unrecognized option '-qversion'
gcc: no input files
configure:3408: $? = 1
configure:3428: checking whether the C compiler works
configure:3450: gcc    conftest.c  >&5
configure:3454: $? = 0
configure:3502: result: yes
configure:3505: checking for C compiler default output file name
configure:3507: result: a.out
configure:3513: checking for suffix of executables
configure:3520: gcc -o conftest    conftest.c  >&5
configure:3524: $? = 0
configure:3546: result: 
configure:3568: checking whether we are cross compiling
configure:3576: gcc -o conftest    conftest.c  >&5
configure:3580: $? = 0
configure:3587: ./conftest
configure:3591: $? = 0
configure:3606: result: no
configure:3611: checking for suffix of object files
configure:3633: gcc -c   conftest.c >&5
configure:3637: $? = 0
configure:3658: result: o
configure:3662: checking whether we are using the GNU C compiler
configure:3681: gcc -c   conftest.c >&5
configure:3681: $? = 0
configure:3690: result: yes
configure:3699: checking whether gcc accepts -g
configure:3719: gcc -c -g  conftest.c >&5
configure:3719: $? = 0
configure:3760: result: yes
configure:3777: checking for gcc option to accept ISO C89
configure:3841: gcc  -c -g -O2  conftest.c >&5
configure:3841: $? = 0
configure:3854: result: none needed
configure:3876: checking dependency style of gcc
configure:3986: result: gcc3
configure:4001: checking for a sed that does not truncate output
configure:4065: result: /bin/sed
configure:4083: checking for grep that handles long lines and -e
configure:4141: result: /bin/grep
configure:4146: checking for egrep
configure:4208: result: /bin/grep -E
configure:4213: checking for fgrep
configure:4275: result: /bin/grep -F
configure:4310: checking for ld used by gcc
configure:4377: result: /usr/bin/ld
configure:4384: checking if the linker (/usr/bin/ld) is GNU ld
configure:4399: result: yes
configure:4411: checking for BSD- or MS-compatible name lister (nm)
configure:4460: result: /usr/bin/nm -B
configure:4578: checking the name lister (/usr/bin/nm -B) interface
configure:4585: gcc -c -g -O2  conftest.c >&5
configure:4588: /usr/bin/nm -B "conftest.o"
configure:4591: output
0000000000000000 B some_variable
configure:4598: result: BSD nm
configure:4601: checking whether ln -s works
configure:4605: result: yes
configure:4613: checking the maximum length of command line arguments
configure:4733: result: 1572864
configure:4750: checking whether the shell understands some XSI constructs
configure:4760: result: yes
configure:4764: checking whether the shell understands "+="
configure:4770: result: yes
configure:4805: checking for /usr/bin/ld option to reload object files
configure:4812: result: -r
configure:4881: checking for objdump
configure:4897: found /usr/bin/objdump
configure:4908: result: objdump
configure:4940: checking how to recognize dependent libraries
configure:5136: result: pass_all
configure:5196: checking for ar
configure:5212: found /usr/bin/ar
configure:5223: result: ar
configure:5301: checking for strip
configure:5317: found /usr/bin/strip
configure:5328: result: strip
configure:5400: checking for ranlib
configure:5416: found /usr/bin/ranlib
configure:5427: result: ranlib
configure:5517: checking command to parse /usr/bin/nm -B output from gcc object
configure:5635: gcc -c -g -O2  conftest.c >&5
configure:5638: $? = 0
configure:5642: /usr/bin/nm -B conftest.o \| sed -n -e 's/^.*[	 ]\([ABCDGIRSTW][ABCDGIRSTW]*\)[	 ][	 ]*\([_A-Za-z][_A-Za-z0-9]*\)$/\1 \2 \2/p' \> conftest.nm
configure:5645: $? = 0
configure:5699: gcc -o conftest -g -O2   conftest.c conftstm.o >&5
configure:5702: $? = 0
configure:5740: result: ok
configure:5836: gcc -c -g -O2  conftest.c >&5
configure:5839: $? = 0
configure:6549: checking how to run the C preprocessor
configure:6580: gcc -E  conftest.c
configure:6580: $? = 0
configure:6594: gcc -E  conftest.c
conftest.c:11:28: error: ac_nonexistent.h: No such file or directory
configure:6594: $? = 1
configure: failed program was:
| /* confdefs.h */
| #define PACKAGE_NAME "xf86-input-synaptics"
| #define PACKAGE_TARNAME "xf86-input-synaptics"
| #define PACKAGE_VERSION "1.4.1"
| #define PACKAGE_STRING "xf86-input-synaptics 1.4.1"
| #define PACKAGE_BUGREPORT "https://bugs.freedesktop.org/enter_bug.cgi?product=xorg"
| #define PACKAGE_URL ""
| #define PACKAGE "xf86-input-synaptics"
| #define VERSION "1.4.1"
| /* end confdefs.h.  */
| #include <ac_nonexistent.h>
configure:6619: result: gcc -E
configure:6639: gcc -E  conftest.c
configure:6639: $? = 0
configure:6653: gcc -E  conftest.c
conftest.c:11:28: error: ac_nonexistent.h: No such file or directory
configure:6653: $? = 1
configure: failed program was:
| /* confdefs.h */
| #define PACKAGE_NAME "xf86-input-synaptics"
| #define PACKAGE_TARNAME "xf86-input-synaptics"
| #define PACKAGE_VERSION "1.4.1"
| #define PACKAGE_STRING "xf86-input-synaptics 1.4.1"
| #define PACKAGE_BUGREPORT "https://bugs.freedesktop.org/enter_bug.cgi?product=xorg"
| #define PACKAGE_URL ""
| #define PACKAGE "xf86-input-synaptics"
| #define VERSION "1.4.1"
| /* end confdefs.h.  */
| #include <ac_nonexistent.h>
configure:6682: checking for ANSI C header files
configure:6702: gcc -c -g -O2  conftest.c >&5
configure:6702: $? = 0
configure:6775: gcc -o conftest -g -O2   conftest.c  >&5
configure:6775: $? = 0
configure:6775: ./conftest
configure:6775: $? = 0
configure:6786: result: yes
configure:6799: checking for sys/types.h
configure:6799: gcc -c -g -O2  conftest.c >&5
configure:6799: $? = 0
configure:6799: result: yes
configure:6799: checking for sys/stat.h
configure:6799: gcc -c -g -O2  conftest.c >&5
configure:6799: $? = 0
configure:6799: result: yes
configure:6799: checking for stdlib.h
configure:6799: gcc -c -g -O2  conftest.c >&5
configure:6799: $? = 0
configure:6799: result: yes
configure:6799: checking for string.h
configure:6799: gcc -c -g -O2  conftest.c >&5
configure:6799: $? = 0
configure:6799: result: yes
configure:6799: checking for memory.h
configure:6799: gcc -c -g -O2  conftest.c >&5
configure:6799: $? = 0
configure:6799: result: yes
configure:6799: checking for strings.h
configure:6799: gcc -c -g -O2  conftest.c >&5
configure:6799: $? = 0
configure:6799: result: yes
configure:6799: checking for inttypes.h
configure:6799: gcc -c -g -O2  conftest.c >&5
configure:6799: $? = 0
configure:6799: result: yes
configure:6799: checking for stdint.h
configure:6799: gcc -c -g -O2  conftest.c >&5
configure:6799: $? = 0
configure:6799: result: yes
configure:6799: checking for unistd.h
configure:6799: gcc -c -g -O2  conftest.c >&5
configure:6799: $? = 0
configure:6799: result: yes
configure:6813: checking for dlfcn.h
configure:6813: gcc -c -g -O2  conftest.c >&5
configure:6813: $? = 0
configure:6813: result: yes
configure:6967: checking for objdir
configure:6982: result: .libs
configure:7274: checking if gcc supports -fno-rtti -fno-exceptions
configure:7292: gcc -c -g -O2  -fno-rtti -fno-exceptions conftest.c >&5
cc1: warning: command line option "-fno-rtti" is valid for C++/ObjC++ but not for C
configure:7296: $? = 0
configure:7309: result: no
configure:7329: checking for gcc option to produce PIC
configure:7601: result: -fPIC -DPIC
configure:7613: checking if gcc PIC flag -fPIC -DPIC works
configure:7631: gcc -c -g -O2  -fPIC -DPIC -DPIC conftest.c >&5
configure:7635: $? = 0
configure:7648: result: yes
configure:7672: checking if gcc static flag -static works
configure:7700: result: yes
configure:7715: checking if gcc supports -c -o file.o
configure:7736: gcc -c -g -O2  -o out/conftest2.o conftest.c >&5
configure:7740: $? = 0
configure:7762: result: yes
configure:7770: checking if gcc supports -c -o file.o
configure:7817: result: yes
configure:7850: checking whether the gcc linker (/usr/bin/ld -m elf_x86_64) supports shared libraries
configure:8841: result: yes
configure:8878: checking whether -lc should be explicitly linked in
configure:8883: gcc -c -g -O2  conftest.c >&5
configure:8886: $? = 0
configure:8901: gcc -shared conftest.o  -v -Wl,-soname -Wl,conftest -o conftest 2\>\&1 \| /bin/grep  -lc  \>/dev/null 2\>\&1
configure:8904: $? = 0
configure:8916: result: no
configure:9080: checking dynamic linker characteristics
configure:9513: gcc -o conftest -g -O2   -Wl,-rpath -Wl,/foo conftest.c  >&5
configure:9513: $? = 0
configure:9743: result: GNU/Linux ld.so
configure:9845: checking how to hardcode library paths into programs
configure:9870: result: immediate
configure:10390: checking whether stripping libraries is possible
configure:10395: result: yes
configure:10430: checking if libtool supports shared libraries
configure:10432: result: yes
configure:10435: checking whether to build shared libraries
configure:10456: result: yes
configure:10459: checking whether to build static libraries
configure:10463: result: no
configure:10511: checking for gcc option to accept ISO C99
configure:10660: gcc  -c -g -O2  conftest.c >&5
conftest.c:73: error: expected ';', ',' or ')' before 'text'
conftest.c: In function 'main':
conftest.c:127: error: expected '=', ',', ';', 'asm' or '__attribute__' before 'newvar'
conftest.c:127: error: 'newvar' undeclared (first use in this function)
conftest.c:127: error: (Each undeclared identifier is reported only once
conftest.c:127: error: for each function it appears in.)
conftest.c:137: error: 'for' loop initial declarations are only allowed in C99 mode
conftest.c:137: note: use option -std=c99 or -std=gnu99 to compile your code
configure:10660: $? = 1
configure: failed program was:
| /* confdefs.h */
| #define PACKAGE_NAME "xf86-input-synaptics"
| #define PACKAGE_TARNAME "xf86-input-synaptics"
| #define PACKAGE_VERSION "1.4.1"
| #define PACKAGE_STRING "xf86-input-synaptics 1.4.1"
| #define PACKAGE_BUGREPORT "https://bugs.freedesktop.org/enter_bug.cgi?product=xorg"
| #define PACKAGE_URL ""
| #define PACKAGE "xf86-input-synaptics"
| #define VERSION "1.4.1"
| #define STDC_HEADERS 1
| #define HAVE_SYS_TYPES_H 1
| #define HAVE_SYS_STAT_H 1
| #define HAVE_STDLIB_H 1
| #define HAVE_STRING_H 1
| #define HAVE_MEMORY_H 1
| #define HAVE_STRINGS_H 1
| #define HAVE_INTTYPES_H 1
| #define HAVE_STDINT_H 1
| #define HAVE_UNISTD_H 1
| #define HAVE_DLFCN_H 1
| #define LT_OBJDIR ".libs/"
| /* end confdefs.h.  */
| #include <stdarg.h>
| #include <stdbool.h>
| #include <stdlib.h>
| #include <wchar.h>
| #include <stdio.h>
| 
| // Check varargs macros.  These examples are taken from C99 6.10.3.5.
| #define debug(...) fprintf (stderr, __VA_ARGS__)
| #define showlist(...) puts (#__VA_ARGS__)
| #define report(test,...) ((test) ? puts (#test) : printf (__VA_ARGS__))
| static void
| test_varargs_macros (void)
| {
|   int x = 1234;
|   int y = 5678;
|   debug ("Flag");
|   debug ("X = %d\n", x);
|   showlist (The first, second, and third items.);
|   report (x>y, "x is %d but y is %d", x, y);
| }
| 
| // Check long long types.
| #define BIG64 18446744073709551615ull
| #define BIG32 4294967295ul
| #define BIG_OK (BIG64 / BIG32 == 4294967297ull && BIG64 % BIG32 == 0)
| #if !BIG_OK
|   your preprocessor is broken;
| #endif
| #if BIG_OK
| #else
|   your preprocessor is broken;
| #endif
| static long long int bignum = -9223372036854775807LL;
| static unsigned long long int ubignum = BIG64;
| 
| struct incomplete_array
| {
|   int datasize;
|   double data[];
| };
| 
| struct named_init {
|   int number;
|   const wchar_t *name;
|   double average;
| };
| 
| typedef const char *ccp;
| 
| static inline int
| test_restrict (ccp restrict text)
| {
|   // See if C++-style comments work.
|   // Iterate through items via the restricted pointer.
|   // Also check for declarations in for loops.
|   for (unsigned int i = 0; *(text+i) != '\0'; ++i)
|     continue;
|   return 0;
| }
| 
| // Check varargs and va_copy.
| static void
| test_varargs (const char *format, ...)
| {
|   va_list args;
|   va_start (args, format);
|   va_list args_copy;
|   va_copy (args_copy, args);
| 
|   const char *str;
|   int number;
|   float fnumber;
| 
|   while (*format)
|     {
|       switch (*format++)
| 	{
| 	case 's': // string
| 	  str = va_arg (args_copy, const char *);
| 	  break;
| 	case 'd': // int
| 	  number = va_arg (args_copy, int);
| 	  break;
| 	case 'f': // float
| 	  fnumber = va_arg (args_copy, double);
| 	  break;
| 	default:
| 	  break;
| 	}
|     }
|   va_end (args_copy);
|   va_end (args);
| }
| 
| int
| main ()
| {
| 
|   // Check bool.
|   _Bool success = false;
| 
|   // Check restrict.
|   if (test_restrict ("String literal") == 0)
|     success = true;
|   char *restrict newvar = "Another string";
| 
|   // Check varargs.
|   test_varargs ("s, d' f .", "string", 65, 34.234);
|   test_varargs_macros ();
| 
|   // Check flexible array members.
|   struct incomplete_array *ia =
|     malloc (sizeof (struct incomplete_array) + (sizeof (double) * 10));
|   ia->datasize = 10;
|   for (int i = 0; i < ia->datasize; ++i)
|     ia->data[i] = i * 1.234;
| 
|   // Check named initializers.
|   struct named_init ni = {
|     .number = 34,
|     .name = L"Test wide string",
|     .average = 543.34343,
|   };
| 
|   ni.number = 58;
| 
|   int dynamic_array[ni.number];
|   dynamic_array[ni.number - 1] = 543;
| 
|   // work around unused variable warnings
|   return (!success || bignum == 0LL || ubignum == 0uLL || newvar[0] == 'x'
| 	  || dynamic_array[ni.number - 1] != 543);
| 
|   ;
|   return 0;
| }
configure:10660: gcc -std=gnu99 -c -g -O2  conftest.c >&5
configure:10660: $? = 0
configure:10680: result: -std=gnu99
configure:10690: checking whether __clang__ is declared
configure:10690: gcc -std=gnu99 -c -g -O2  conftest.c >&5
conftest.c: In function 'main':
conftest.c:63: error: '__clang__' undeclared (first use in this function)
conftest.c:63: error: (Each undeclared identifier is reported only once
conftest.c:63: error: for each function it appears in.)
configure:10690: $? = 1
configure: failed program was:
| /* confdefs.h */
| #define PACKAGE_NAME "xf86-input-synaptics"
| #define PACKAGE_TARNAME "xf86-input-synaptics"
| #define PACKAGE_VERSION "1.4.1"
| #define PACKAGE_STRING "xf86-input-synaptics 1.4.1"
| #define PACKAGE_BUGREPORT "https://bugs.freedesktop.org/enter_bug.cgi?product=xorg"
| #define PACKAGE_URL ""
| #define PACKAGE "xf86-input-synaptics"
| #define VERSION "1.4.1"
| #define STDC_HEADERS 1
| #define HAVE_SYS_TYPES_H 1
| #define HAVE_SYS_STAT_H 1
| #define HAVE_STDLIB_H 1
| #define HAVE_STRING_H 1
| #define HAVE_MEMORY_H 1
| #define HAVE_STRINGS_H 1
| #define HAVE_INTTYPES_H 1
| #define HAVE_STDINT_H 1
| #define HAVE_UNISTD_H 1
| #define HAVE_DLFCN_H 1
| #define LT_OBJDIR ".libs/"
| /* end confdefs.h.  */
| #include <stdio.h>
| #ifdef HAVE_SYS_TYPES_H
| # include <sys/types.h>
| #endif
| #ifdef HAVE_SYS_STAT_H
| # include <sys/stat.h>
| #endif
| #ifdef STDC_HEADERS
| # include <stdlib.h>
| # include <stddef.h>
| #else
| # ifdef HAVE_STDLIB_H
| #  include <stdlib.h>
| # endif
| #endif
| #ifdef HAVE_STRING_H
| # if !defined STDC_HEADERS && defined HAVE_MEMORY_H
| #  include <memory.h>
| # endif
| # include <string.h>
| #endif
| #ifdef HAVE_STRINGS_H
| # include <strings.h>
| #endif
| #ifdef HAVE_INTTYPES_H
| # include <inttypes.h>
| #endif
| #ifdef HAVE_STDINT_H
| # include <stdint.h>
| #endif
| #ifdef HAVE_UNISTD_H
| # include <unistd.h>
| #endif
| int
| main ()
| {
| #ifndef __clang__
| #ifdef __cplusplus
|   (void) __clang__;
| #else
|   (void) __clang__;
| #endif
| #endif
| 
|   ;
|   return 0;
| }
configure:10690: result: no
configure:10697: checking whether __INTEL_COMPILER is declared
configure:10697: gcc -std=gnu99 -c -g -O2  conftest.c >&5
conftest.c: In function 'main':
conftest.c:63: error: '__INTEL_COMPILER' undeclared (first use in this function)
conftest.c:63: error: (Each undeclared identifier is reported only once
conftest.c:63: error: for each function it appears in.)
configure:10697: $? = 1
configure: failed program was:
| /* confdefs.h */
| #define PACKAGE_NAME "xf86-input-synaptics"
| #define PACKAGE_TARNAME "xf86-input-synaptics"
| #define PACKAGE_VERSION "1.4.1"
| #define PACKAGE_STRING "xf86-input-synaptics 1.4.1"
| #define PACKAGE_BUGREPORT "https://bugs.freedesktop.org/enter_bug.cgi?product=xorg"
| #define PACKAGE_URL ""
| #define PACKAGE "xf86-input-synaptics"
| #define VERSION "1.4.1"
| #define STDC_HEADERS 1
| #define HAVE_SYS_TYPES_H 1
| #define HAVE_SYS_STAT_H 1
| #define HAVE_STDLIB_H 1
| #define HAVE_STRING_H 1
| #define HAVE_MEMORY_H 1
| #define HAVE_STRINGS_H 1
| #define HAVE_INTTYPES_H 1
| #define HAVE_STDINT_H 1
| #define HAVE_UNISTD_H 1
| #define HAVE_DLFCN_H 1
| #define LT_OBJDIR ".libs/"
| /* end confdefs.h.  */
| #include <stdio.h>
| #ifdef HAVE_SYS_TYPES_H
| # include <sys/types.h>
| #endif
| #ifdef HAVE_SYS_STAT_H
| # include <sys/stat.h>
| #endif
| #ifdef STDC_HEADERS
| # include <stdlib.h>
| # include <stddef.h>
| #else
| # ifdef HAVE_STDLIB_H
| #  include <stdlib.h>
| # endif
| #endif
| #ifdef HAVE_STRING_H
| # if !defined STDC_HEADERS && defined HAVE_MEMORY_H
| #  include <memory.h>
| # endif
| # include <string.h>
| #endif
| #ifdef HAVE_STRINGS_H
| # include <strings.h>
| #endif
| #ifdef HAVE_INTTYPES_H
| # include <inttypes.h>
| #endif
| #ifdef HAVE_STDINT_H
| # include <stdint.h>
| #endif
| #ifdef HAVE_UNISTD_H
| # include <unistd.h>
| #endif
| int
| main ()
| {
| #ifndef __INTEL_COMPILER
| #ifdef __cplusplus
|   (void) __INTEL_COMPILER;
| #else
|   (void) __INTEL_COMPILER;
| #endif
| #endif
| 
|   ;
|   return 0;
| }
configure:10697: result: no
configure:10704: checking whether __SUNPRO_C is declared
configure:10704: gcc -std=gnu99 -c -g -O2  conftest.c >&5
conftest.c: In function 'main':
conftest.c:63: error: '__SUNPRO_C' undeclared (first use in this function)
conftest.c:63: error: (Each undeclared identifier is reported only once
conftest.c:63: error: for each function it appears in.)
configure:10704: $? = 1
configure: failed program was:
| /* confdefs.h */
| #define PACKAGE_NAME "xf86-input-synaptics"
| #define PACKAGE_TARNAME "xf86-input-synaptics"
| #define PACKAGE_VERSION "1.4.1"
| #define PACKAGE_STRING "xf86-input-synaptics 1.4.1"
| #define PACKAGE_BUGREPORT "https://bugs.freedesktop.org/enter_bug.cgi?product=xorg"
| #define PACKAGE_URL ""
| #define PACKAGE "xf86-input-synaptics"
| #define VERSION "1.4.1"
| #define STDC_HEADERS 1
| #define HAVE_SYS_TYPES_H 1
| #define HAVE_SYS_STAT_H 1
| #define HAVE_STDLIB_H 1
| #define HAVE_STRING_H 1
| #define HAVE_MEMORY_H 1
| #define HAVE_STRINGS_H 1
| #define HAVE_INTTYPES_H 1
| #define HAVE_STDINT_H 1
| #define HAVE_UNISTD_H 1
| #define HAVE_DLFCN_H 1
| #define LT_OBJDIR ".libs/"
| /* end confdefs.h.  */
| #include <stdio.h>
| #ifdef HAVE_SYS_TYPES_H
| # include <sys/types.h>
| #endif
| #ifdef HAVE_SYS_STAT_H
| # include <sys/stat.h>
| #endif
| #ifdef STDC_HEADERS
| # include <stdlib.h>
| # include <stddef.h>
| #else
| # ifdef HAVE_STDLIB_H
| #  include <stdlib.h>
| # endif
| #endif
| #ifdef HAVE_STRING_H
| # if !defined STDC_HEADERS && defined HAVE_MEMORY_H
| #  include <memory.h>
| # endif
| # include <string.h>
| #endif
| #ifdef HAVE_STRINGS_H
| # include <strings.h>
| #endif
| #ifdef HAVE_INTTYPES_H
| # include <inttypes.h>
| #endif
| #ifdef HAVE_STDINT_H
| # include <stdint.h>
| #endif
| #ifdef HAVE_UNISTD_H
| # include <unistd.h>
| #endif
| int
| main ()
| {
| #ifndef __SUNPRO_C
| #ifdef __cplusplus
|   (void) __SUNPRO_C;
| #else
|   (void) __SUNPRO_C;
| #endif
| #endif
| 
|   ;
|   return 0;
| }
configure:10704: result: no
configure:10766: checking for pkg-config
configure:10784: found /usr/bin/pkg-config
configure:10796: result: /usr/bin/pkg-config
configure:10821: checking pkg-config is at least version 0.9.0
configure:10824: result: yes
configure:10869: checking if gcc -std=gnu99 supports -Werror=attributes
configure:10877: gcc -std=gnu99 -c -g -O2 -pedantic -Werror -Werror=attributes  conftest.c >&5
conftest.c:23: error: expected identifier or '(' before 'return'
configure:10877: $? = 1
configure: failed program was:
| /* confdefs.h */
| #define PACKAGE_NAME "xf86-input-synaptics"
| #define PACKAGE_TARNAME "xf86-input-synaptics"
| #define PACKAGE_VERSION "1.4.1"
| #define PACKAGE_STRING "xf86-input-synaptics 1.4.1"
| #define PACKAGE_BUGREPORT "https://bugs.freedesktop.org/enter_bug.cgi?product=xorg"
| #define PACKAGE_URL ""
| #define PACKAGE "xf86-input-synaptics"
| #define VERSION "1.4.1"
| #define STDC_HEADERS 1
| #define HAVE_SYS_TYPES_H 1
| #define HAVE_SYS_STAT_H 1
| #define HAVE_STDLIB_H 1
| #define HAVE_STRING_H 1
| #define HAVE_MEMORY_H 1
| #define HAVE_STRINGS_H 1
| #define HAVE_INTTYPES_H 1
| #define HAVE_STDINT_H 1
| #define HAVE_UNISTD_H 1
| #define HAVE_DLFCN_H 1
| #define LT_OBJDIR ".libs/"
| /* end confdefs.h.  */
| return 0;
configure:10882: result: no
configure:11044: checking for rint in -lm
configure:11069: gcc -std=gnu99 -o conftest -g -O2   conftest.c -lm   >&5
conftest.c:33: warning: conflicting types for built-in function 'rint'
configure:11069: $? = 0
configure:11078: result: yes
configure:11111: gcc -std=gnu99 -c -g -O2 -I/usr/include/xorg  conftest.c >&5
configure:11111: $? = 0
configure:11118: checking if RANDR is defined
configure:11120: result: yes
configure:11130: checking for XORG
configure:11137: $PKG_CONFIG --exists --print-errors "xorg-server >= 1.6 xproto inputproto $REQUIRED_MODULES"
configure:11140: $? = 0
configure:11154: $PKG_CONFIG --exists --print-errors "xorg-server >= 1.6 xproto inputproto $REQUIRED_MODULES"
configure:11157: $? = 0
configure:11215: result: yes
configure:11288: checking which optional backends will be build
configure:11292: result: eventcomm
configure:11302: checking for MTDEV
configure:11309: $PKG_CONFIG --exists --print-errors "mtdev"
configure:11312: $? = 0
configure:11326: $PKG_CONFIG --exists --print-errors "mtdev"
configure:11329: $? = 0
configure:11387: result: yes
configure:11395: checking for GRAIL
configure:11402: $PKG_CONFIG --exists --print-errors "utouch-grail"
configure:11405: $? = 0
configure:11419: $PKG_CONFIG --exists --print-errors "utouch-grail"
configure:11422: $? = 0
configure:11480: result: yes
configure:11524: checking for XI
configure:11531: $PKG_CONFIG --exists --print-errors "x11 inputproto xi >= 1.2"
configure:11534: $? = 0
configure:11548: $PKG_CONFIG --exists --print-errors "x11 inputproto xi >= 1.2"
configure:11551: $? = 0
configure:11609: result: yes
configure:11619: checking for XTST
configure:11626: $PKG_CONFIG --exists --print-errors "xtst recordproto"
configure:11629: $? = 0
configure:11643: $PKG_CONFIG --exists --print-errors "xtst recordproto"
configure:11646: $? = 0
configure:11684: result: yes
configure:11694: checking for X11/extensions/record.h
configure:11694: gcc -std=gnu99 -c -g -O2    conftest.c >&5
configure:11694: $? = 0
configure:11694: result: yes
configure:11850: creating ./config.status

## ---------------------- ##
## Running config.status. ##
## ---------------------- ##

This file was extended by xf86-input-synaptics config.status 1.4.1, which was
generated by GNU Autoconf 2.67.  Invocation command line was

  CONFIG_FILES    = 
  CONFIG_HEADERS  = 
  CONFIG_LINKS    = 
  CONFIG_COMMANDS = 
  $ ./config.status 

on debmed

config.status:1135: creating Makefile
config.status:1135: creating src/Makefile
config.status:1135: creating man/Makefile
config.status:1135: creating tools/Makefile
config.status:1135: creating conf/Makefile
config.status:1135: creating include/Makefile
config.status:1135: creating xorg-synaptics.pc
config.status:1135: creating config.h
config.status:1363: executing depfiles commands
config.status:1363: executing libtool commands

## ---------------- ##
## Cache variables. ##
## ---------------- ##

ac_cv_build=x86_64-unknown-linux-gnu
ac_cv_c_compiler_gnu=yes
ac_cv_env_CC_set=
ac_cv_env_CC_value=
ac_cv_env_CFLAGS_set=
ac_cv_env_CFLAGS_value=
ac_cv_env_CPPFLAGS_set=
ac_cv_env_CPPFLAGS_value=
ac_cv_env_CPP_set=
ac_cv_env_CPP_value=
ac_cv_env_GRAIL_CFLAGS_set=
ac_cv_env_GRAIL_CFLAGS_value=
ac_cv_env_GRAIL_LIBS_set=
ac_cv_env_GRAIL_LIBS_value=
ac_cv_env_LDFLAGS_set=
ac_cv_env_LDFLAGS_value=
ac_cv_env_LIBS_set=
ac_cv_env_LIBS_value=
ac_cv_env_MTDEV_CFLAGS_set=
ac_cv_env_MTDEV_CFLAGS_value=
ac_cv_env_MTDEV_LIBS_set=
ac_cv_env_MTDEV_LIBS_value=
ac_cv_env_PKG_CONFIG_LIBDIR_set=
ac_cv_env_PKG_CONFIG_LIBDIR_value=
ac_cv_env_PKG_CONFIG_PATH_set=
ac_cv_env_PKG_CONFIG_PATH_value=
ac_cv_env_PKG_CONFIG_set=
ac_cv_env_PKG_CONFIG_value=
ac_cv_env_XI_CFLAGS_set=
ac_cv_env_XI_CFLAGS_value=
ac_cv_env_XI_LIBS_set=
ac_cv_env_XI_LIBS_value=
ac_cv_env_XORG_CFLAGS_set=
ac_cv_env_XORG_CFLAGS_value=
ac_cv_env_XORG_LIBS_set=
ac_cv_env_XORG_LIBS_value=
ac_cv_env_XTST_CFLAGS_set=
ac_cv_env_XTST_CFLAGS_value=
ac_cv_env_XTST_LIBS_set=
ac_cv_env_XTST_LIBS_value=
ac_cv_env_build_alias_set=
ac_cv_env_build_alias_value=
ac_cv_env_host_alias_set=
ac_cv_env_host_alias_value=
ac_cv_env_target_alias_set=
ac_cv_env_target_alias_value=
ac_cv_have_decl___INTEL_COMPILER=no
ac_cv_have_decl___SUNPRO_C=no
ac_cv_have_decl___clang__=no
ac_cv_header_X11_extensions_record_h=yes
ac_cv_header_dlfcn_h=yes
ac_cv_header_inttypes_h=yes
ac_cv_header_memory_h=yes
ac_cv_header_stdc=yes
ac_cv_header_stdint_h=yes
ac_cv_header_stdlib_h=yes
ac_cv_header_string_h=yes
ac_cv_header_strings_h=yes
ac_cv_header_sys_stat_h=yes
ac_cv_header_sys_types_h=yes
ac_cv_header_unistd_h=yes
ac_cv_host=x86_64-unknown-linux-gnu
ac_cv_lib_m_rint=yes
ac_cv_objext=o
ac_cv_path_EGREP='/bin/grep -E'
ac_cv_path_FGREP='/bin/grep -F'
ac_cv_path_GREP=/bin/grep
ac_cv_path_SED=/bin/sed
ac_cv_path_ac_pt_PKG_CONFIG=/usr/bin/pkg-config
ac_cv_path_install='/usr/bin/install -c'
ac_cv_path_mkdir=/bin/mkdir
ac_cv_prog_AWK=gawk
ac_cv_prog_CPP='gcc -E'
ac_cv_prog_ac_ct_AR=ar
ac_cv_prog_ac_ct_CC=gcc
ac_cv_prog_ac_ct_OBJDUMP=objdump
ac_cv_prog_ac_ct_RANLIB=ranlib
ac_cv_prog_ac_ct_STRIP=strip
ac_cv_prog_cc_c89=
ac_cv_prog_cc_c99=-std=gnu99
ac_cv_prog_cc_g=yes
ac_cv_prog_make_make_set=yes
am_cv_CC_dependencies_compiler_type=gcc3
lt_cv_deplibs_check_method=pass_all
lt_cv_file_magic_cmd='$MAGIC_CMD'
lt_cv_file_magic_test_file=
lt_cv_ld_reload_flag=-r
lt_cv_nm_interface='BSD nm'
lt_cv_objdir=.libs
lt_cv_path_LD=/usr/bin/ld
lt_cv_path_NM='/usr/bin/nm -B'
lt_cv_prog_compiler_c_o=yes
lt_cv_prog_compiler_pic_works=yes
lt_cv_prog_compiler_rtti_exceptions=no
lt_cv_prog_compiler_static_works=yes
lt_cv_prog_gnu_ld=yes
lt_cv_sys_global_symbol_pipe='sed -n -e '\''s/^.*[	 ]\([ABCDGIRSTW][ABCDGIRSTW]*\)[	 ][	 ]*\([_A-Za-z][_A-Za-z0-9]*\)$/\1 \2 \2/p'\'''
lt_cv_sys_global_symbol_to_c_name_address='sed -n -e '\''s/^: \([^ ]*\) $/  {\"\1\", (void *) 0},/p'\'' -e '\''s/^[ABCDGIRSTW]* \([^ ]*\) \([^ ]*\)$/  {"\2", (void *) \&\2},/p'\'''
lt_cv_sys_global_symbol_to_c_name_address_lib_prefix='sed -n -e '\''s/^: \([^ ]*\) $/  {\"\1\", (void *) 0},/p'\'' -e '\''s/^[ABCDGIRSTW]* \([^ ]*\) \(lib[^ ]*\)$/  {"\2", (void *) \&\2},/p'\'' -e '\''s/^[ABCDGIRSTW]* \([^ ]*\) \([^ ]*\)$/  {"lib\2", (void *) \&\2},/p'\'''
lt_cv_sys_global_symbol_to_cdecl='sed -n -e '\''s/^T .* \(.*\)$/extern int \1();/p'\'' -e '\''s/^[ABCDGIRSTW]* .* \(.*\)$/extern char \1;/p'\'''
lt_cv_sys_max_cmd_len=1572864
pkg_cv_GRAIL_CFLAGS=' '
pkg_cv_GRAIL_LIBS='-L/usr/local/lib -lutouch-grail  '
pkg_cv_MTDEV_CFLAGS=' '
pkg_cv_MTDEV_LIBS='-lmtdev  '
pkg_cv_XI_CFLAGS=' '
pkg_cv_XI_LIBS='-lX11 -lXi  '
pkg_cv_XORG_CFLAGS='-fvisibility=hidden -I/usr/include/pixman-1 -I/usr/include/xorg  '
pkg_cv_XORG_LIBS='-lpixman-1 -lpciaccess  '
pkg_cv_XTST_CFLAGS=' '
pkg_cv_XTST_LIBS='-lXtst  '

## ----------------- ##
## Output variables. ##
## ----------------- ##

ACLOCAL='${SHELL} /sources/utouch/xserver-xorg-input-synaptics/missing --run aclocal-1.11'
ADMIN_MAN_DIR='$(mandir)/man$(ADMIN_MAN_SUFFIX)'
ADMIN_MAN_SUFFIX='8'
AMDEPBACKSLASH='\'
AMDEP_FALSE='#'
AMDEP_TRUE=''
AMTAR='${SHELL} /sources/utouch/xserver-xorg-input-synaptics/missing --run tar'
AM_BACKSLASH='\'
AM_DEFAULT_VERBOSITY='0'
APP_MAN_DIR='$(mandir)/man$(APP_MAN_SUFFIX)'
APP_MAN_SUFFIX='1'
AR='ar'
AUTOCONF='${SHELL} /sources/utouch/xserver-xorg-input-synaptics/missing --run autoconf'
AUTOHEADER='${SHELL} /sources/utouch/xserver-xorg-input-synaptics/missing --run autoheader'
AUTOMAKE='${SHELL} /sources/utouch/xserver-xorg-input-synaptics/missing --run automake-1.11'
AWK='gawk'
BUILD_EVENTCOMM_FALSE='#'
BUILD_EVENTCOMM_TRUE=''
BUILD_PSMCOMM_FALSE=''
BUILD_PSMCOMM_TRUE='#'
CC='gcc -std=gnu99'
CCDEPMODE='depmode=gcc3'
CFLAGS='-g -O2'
CHANGELOG_CMD='(GIT_DIR=$(top_srcdir)/.git git log > $(top_srcdir)/.changelog.tmp && mv $(top_srcdir)/.changelog.tmp $(top_srcdir)/ChangeLog) || (rm -f $(top_srcdir)/.changelog.tmp; touch $(top_srcdir)/ChangeLog; echo '\''git directory not found: installing possibly empty changelog.'\'' >&2)'
CPP='gcc -E'
CPPFLAGS=''
CWARNFLAGS='-Wall -Wpointer-arith -Wstrict-prototypes -Wmissing-prototypes -Wmissing-declarations -Wnested-externs -fno-strict-aliasing -Wbad-function-cast -Wformat=2 -Wold-style-definition -Wdeclaration-after-statement'
CYGPATH_W='echo'
DEBUG_FALSE=''
DEBUG_TRUE='#'
DEFS='-DHAVE_CONFIG_H'
DEPDIR='.deps'
DRIVER_MAN_DIR='$(mandir)/man$(DRIVER_MAN_SUFFIX)'
DRIVER_MAN_SUFFIX='4'
DRIVER_NAME='synaptics'
DSYMUTIL=''
DUMPBIN=''
ECHO_C=''
ECHO_N='-n'
ECHO_T=''
EGREP='/bin/grep -E'
EXEEXT=''
FGREP='/bin/grep -F'
FILE_MAN_DIR='$(mandir)/man$(FILE_MAN_SUFFIX)'
FILE_MAN_SUFFIX='5'
GRAIL_CFLAGS=' '
GRAIL_LIBS='-L/usr/local/lib -lutouch-grail  '
GREP='/bin/grep'
HAS_XORG_CONF_DIR_FALSE='#'
HAS_XORG_CONF_DIR_TRUE=''
INSTALL_CMD='(cp -f /usr/share/util-macros/INSTALL $(top_srcdir)/.INSTALL.tmp && mv $(top_srcdir)/.INSTALL.tmp $(top_srcdir)/INSTALL) || (rm -f $(top_srcdir)/.INSTALL.tmp; touch $(top_srcdir)/INSTALL; echo '\''util-macros "pkgdatadir" from xorg-macros.pc not found: installing possibly empty INSTALL.'\'' >&2)'
INSTALL_DATA='${INSTALL} -m 644'
INSTALL_PROGRAM='${INSTALL}'
INSTALL_SCRIPT='${INSTALL}'
INSTALL_STRIP_PROGRAM='$(install_sh) -c -s'
LD='/usr/bin/ld -m elf_x86_64'
LDFLAGS=''
LIBOBJS=''
LIBS='-lm '
LIBTOOL='$(SHELL) $(top_builddir)/libtool'
LIB_MAN_DIR='$(mandir)/man$(LIB_MAN_SUFFIX)'
LIB_MAN_SUFFIX='3'
LIPO=''
LN_S='ln -s'
LTLIBOBJS=''
MAINT='#'
MAINTAINER_MODE_FALSE=''
MAINTAINER_MODE_TRUE='#'
MAKEINFO='${SHELL} /sources/utouch/xserver-xorg-input-synaptics/missing --run makeinfo'
MAN_SUBSTS='	-e '\''s|__vendorversion__|"$(PACKAGE_STRING)" "$(XORG_MAN_PAGE)"|'\'' 	-e '\''s|__xorgversion__|"$(PACKAGE_STRING)" "$(XORG_MAN_PAGE)"|'\'' 	-e '\''s|__xservername__|Xorg|g'\'' 	-e '\''s|__xconfigfile__|xorg.conf|g'\'' 	-e '\''s|__projectroot__|$(prefix)|g'\'' 	-e '\''s|__apploaddir__|$(appdefaultdir)|g'\'' 	-e '\''s|__appmansuffix__|$(APP_MAN_SUFFIX)|g'\'' 	-e '\''s|__drivermansuffix__|$(DRIVER_MAN_SUFFIX)|g'\'' 	-e '\''s|__adminmansuffix__|$(ADMIN_MAN_SUFFIX)|g'\'' 	-e '\''s|__libmansuffix__|$(LIB_MAN_SUFFIX)|g'\'' 	-e '\''s|__miscmansuffix__|$(MISC_MAN_SUFFIX)|g'\'' 	-e '\''s|__filemansuffix__|$(FILE_MAN_SUFFIX)|g'\'''
MISC_MAN_DIR='$(mandir)/man$(MISC_MAN_SUFFIX)'
MISC_MAN_SUFFIX='7'
MKDIR_P='/bin/mkdir -p'
MTDEV_CFLAGS=' '
MTDEV_LIBS='-lmtdev  '
NM='/usr/bin/nm -B'
NMEDIT=''
OBJDUMP='objdump'
OBJEXT='o'
OTOOL64=''
OTOOL=''
PACKAGE='xf86-input-synaptics'
PACKAGE_BUGREPORT='https://bugs.freedesktop.org/enter_bug.cgi?product=xorg'
PACKAGE_NAME='xf86-input-synaptics'
PACKAGE_STRING='xf86-input-synaptics 1.4.1'
PACKAGE_TARNAME='xf86-input-synaptics'
PACKAGE_URL=''
PACKAGE_VERSION='1.4.1'
PATH_SEPARATOR=':'
PKG_CONFIG='/usr/bin/pkg-config'
PKG_CONFIG_LIBDIR=''
PKG_CONFIG_PATH=''
RANLIB='ranlib'
SED='/bin/sed'
SET_MAKE=''
SHELL='/bin/sh'
STRICT_CFLAGS='-pedantic -Werror'
STRIP='strip'
VERSION='1.4.1'
XI_CFLAGS=' '
XI_LIBS='-lX11 -lXi  '
XORG_CFLAGS='-fvisibility=hidden -I/usr/include/pixman-1 -I/usr/include/xorg  '
XORG_LIBS='-lpixman-1 -lpciaccess  '
XORG_MAN_PAGE='X Version 11'
XTST_CFLAGS=' '
XTST_LIBS='-lXtst  '
ac_ct_CC='gcc'
ac_ct_DUMPBIN=''
am__EXEEXT_FALSE=''
am__EXEEXT_TRUE='#'
am__fastdepCC_FALSE='#'
am__fastdepCC_TRUE=''
am__include='include'
am__isrc=''
am__leading_dot='.'
am__quote=''
am__tar='${AMTAR} chof - "$$tardir"'
am__untar='${AMTAR} xf -'
bindir='${exec_prefix}/bin'
build='x86_64-unknown-linux-gnu'
build_alias=''
build_cpu='x86_64'
build_os='linux-gnu'
build_vendor='unknown'
configdir='/usr/share/X11/xorg.conf.d'
datadir='${datarootdir}'
datarootdir='${prefix}/share'
docdir='${datarootdir}/doc/${PACKAGE_TARNAME}'
dvidir='${docdir}'
exec_prefix='${prefix}'
host='x86_64-unknown-linux-gnu'
host_alias=''
host_cpu='x86_64'
host_os='linux-gnu'
host_vendor='unknown'
htmldir='${docdir}'
includedir='${prefix}/include'
infodir='${datarootdir}/info'
inputdir='${exec_prefix}/lib/xorg/modules/input'
install_sh='${SHELL} /sources/utouch/xserver-xorg-input-synaptics/install-sh'
libdir='${exec_prefix}/lib'
libexecdir='${exec_prefix}/libexec'
localedir='${datarootdir}/locale'
localstatedir='${prefix}/var'
lt_ECHO='echo'
mandir='${datarootdir}/man'
mkdir_p='/bin/mkdir -p'
oldincludedir='/usr/include'
pdfdir='${docdir}'
prefix='/usr/local'
program_transform_name='s,x,x,'
psdir='${docdir}'
sbindir='${exec_prefix}/sbin'
sdkdir='/usr/include/xorg'
sharedstatedir='${prefix}/com'
sysconfdir='${prefix}/etc'
target_alias=''

## ----------- ##
## confdefs.h. ##
## ----------- ##

/* confdefs.h */
#define PACKAGE_NAME "xf86-input-synaptics"
#define PACKAGE_TARNAME "xf86-input-synaptics"
#define PACKAGE_VERSION "1.4.1"
#define PACKAGE_STRING "xf86-input-synaptics 1.4.1"
#define PACKAGE_BUGREPORT "https://bugs.freedesktop.org/enter_bug.cgi?product=xorg"
#define PACKAGE_URL ""
#define PACKAGE "xf86-input-synaptics"
#define VERSION "1.4.1"
#define STDC_HEADERS 1
#define HAVE_SYS_TYPES_H 1
#define HAVE_SYS_STAT_H 1
#define HAVE_STDLIB_H 1
#define HAVE_STRING_H 1
#define HAVE_MEMORY_H 1
#define HAVE_STRINGS_H 1
#define HAVE_INTTYPES_H 1
#define HAVE_STDINT_H 1
#define HAVE_UNISTD_H 1
#define HAVE_DLFCN_H 1
#define LT_OBJDIR ".libs/"
#define PACKAGE_VERSION_MAJOR 1
#define PACKAGE_VERSION_MINOR 4
#define PACKAGE_VERSION_PATCHLEVEL 1
#define HAVE_LIBM 1
#define BUILD_EVENTCOMM 1
#define GESTURES 1
#define HAVE_X11_EXTENSIONS_RECORD_H 1

configure: exit 0
